<?xml version="1.0" encoding="UTF-8"?>
<testng-results skipped="0" failed="0" ignored="0" total="1" passed="1">
  <reporter-output>
  </reporter-output>
  <suite name="Default suite" duration-ms="46149" started-at="2019-03-08T15:47:31Z" finished-at="2019-03-08T15:48:17Z">
    <groups>
    </groups>
    <test name="Default test" duration-ms="46149" started-at="2019-03-08T15:47:31Z" finished-at="2019-03-08T15:48:17Z">
      <class name="learn_automation.extentReport3.ExtentReportsEx">
        <test-method status="PASS" signature="setUp()[pri:0, instance:learn_automation.extentReport3.ExtentReportsEx@4ed9f0]" name="setUp" is-config="true" duration-ms="205" started-at="2019-03-08T21:17:31Z" finished-at="2019-03-08T21:17:31Z">
          <reporter-output>
          </reporter-output>
        </test-method> <!-- setUp -->
        <test-method status="PASS" signature="verifyHomePageTitle()[pri:0, instance:learn_automation.extentReport3.ExtentReportsEx@4ed9f0]" name="verifyHomePageTitle" duration-ms="42996" started-at="2019-03-08T21:17:31Z" finished-at="2019-03-08T21:18:14Z">
          <reporter-output>
          </reporter-output>
        </test-method> <!-- verifyHomePageTitle -->
        <test-method status="PASS" signature="tearDown(org.testng.ITestResult)[pri:0, instance:learn_automation.extentReport3.ExtentReportsEx@4ed9f0]" name="tearDown" is-config="true" duration-ms="2914" started-at="2019-03-08T21:18:14Z" finished-at="2019-03-08T21:18:17Z">
          <params>
            <param index="0">
              <value>
                <![CDATA[[TestResult name=verifyHomePageTitle status=SUCCESS method=ExtentReportsEx.verifyHomePageTitle()[pri:0, instance:learn_automation.extentReport3.ExtentReportsEx@4ed9f0] output={null}]]]>
              </value>
            </param>
          </params>
          <reporter-output>
          </reporter-output>
        </test-method> <!-- tearDown -->
      </class> <!-- learn_automation.extentReport3.ExtentReportsEx -->
    </test> <!-- Default test -->
  </suite> <!-- Default suite -->
</testng-results>
